[debug] [2022-08-22T12:53:00.421Z] ----------------------------------------------------------------------
[debug] [2022-08-22T12:53:00.425Z] Command:       C:\Program Files\nodejs\node.exe C:\Users\rahul\AppData\Roaming\npm\node_modules\firebase-tools\lib\bin\firebase.js init
[debug] [2022-08-22T12:53:00.426Z] CLI Version:   11.7.0
[debug] [2022-08-22T12:53:00.427Z] Platform:      win32
[debug] [2022-08-22T12:53:00.427Z] Node Version:  v16.15.0
[debug] [2022-08-22T12:53:00.429Z] Time:          Mon Aug 22 2022 18:23:00 GMT+0530 (India Standard Time)
[debug] [2022-08-22T12:53:00.430Z] ----------------------------------------------------------------------
[debug] 
[debug] [2022-08-22T12:53:00.564Z] > command requires scopes: ["email","openid","https://www.googleapis.com/auth/cloudplatformprojects.readonly","https://www.googleapis.com/auth/firebase","https://www.googleapis.com/auth/cloud-platform"]
[debug] [2022-08-22T12:53:00.566Z] > authorizing via signed-in user (pantrahul99@gmail.com)
[info] 
     ######## #### ########  ######## ########     ###     ######  ########
     ##        ##  ##     ## ##       ##     ##  ##   ##  ##       ##
     ######    ##  ########  ######   ########  #########  ######  ######
     ##        ##  ##    ##  ##       ##     ## ##     ##       ## ##
     ##       #### ##     ## ######## ########  ##     ##  ######  ########

You're about to initialize a Firebase project in this directory:

  C:\Users\rahul\Desktop\react-portfolio

Before we get started, keep in mind:

  * You are initializing within an existing Firebase project directory

[info] 
=== Project Setup
[info] 
[info] First, let's associate this project directory with a Firebase project.
[info] You can create multiple project aliases by running firebase use --add, 
[info] but for now we'll just set up a default project.
[info] 
[debug] [2022-08-22T12:53:11.043Z] Using project from CLI flag: portfolio-071
[debug] [2022-08-22T12:53:11.048Z] >>> [apiv2][query] GET https://firebase.googleapis.com/v1beta1/projects/portfolio-071 [none]
[debug] [2022-08-22T12:53:12.892Z] <<< [apiv2][status] GET https://firebase.googleapis.com/v1beta1/projects/portfolio-071 200
[debug] [2022-08-22T12:53:12.892Z] <<< [apiv2][body] GET https://firebase.googleapis.com/v1beta1/projects/portfolio-071 {"projectId":"portfolio-071","projectNumber":"1012722723039","displayName":"portfolio","name":"projects/portfolio-071","resources":{"hostingSite":"portfolio-071"},"state":"ACTIVE","etag":"1_2269d6c2-a4ea-449e-8e04-9285a189daee"}
[info] i  Using project portfolio-071 (portfolio) 
[info] 
=== Hosting Setup
[info] 
[info] Your public directory is the folder (relative to your project directory) that
[info] will contain Hosting assets to be uploaded with firebase deploy. If you
[info] have a build process for your assets, use your build's output directory.
[info] 
[debug] [2022-08-22T12:53:35.397Z] Error: ENOTDIR: not a directory, scandir 'C:\Users\rahul\Desktop\react-portfolio\public\index.html'
    at Object.readdirSync (node:fs:1405:3)
    at Object.createFileSync (C:\Users\rahul\AppData\Roaming\npm\node_modules\firebase-tools\node_modules\fs-extra\lib\ensure\file.js:55:10)
    at Config.writeProjectFile (C:\Users\rahul\AppData\Roaming\npm\node_modules\firebase-tools\lib\config.js:152:12)
    at C:\Users\rahul\AppData\Roaming\npm\node_modules\firebase-tools\lib\config.js:176:22
    at processTicksAndRejections (node:internal/process/task_queues:96:5)
    at async doSetup (C:\Users\rahul\AppData\Roaming\npm\node_modules\firebase-tools\lib\init\features\hosting\index.js:48:9)
    at async init (C:\Users\rahul\AppData\Roaming\npm\node_modules\firebase-tools\lib\init\index.js:36:9)
[error] 
[error] Error: An unexpected error has occurred.
