[debug] [2022-08-22T12:35:17.469Z] ----------------------------------------------------------------------
[debug] [2022-08-22T12:35:17.472Z] Command:       C:\Program Files\nodejs\node.exe C:\Users\rahul\AppData\Roaming\npm\node_modules\firebase-tools\lib\bin\firebase.js deploy
[debug] [2022-08-22T12:35:17.472Z] CLI Version:   11.7.0
[debug] [2022-08-22T12:35:17.473Z] Platform:      win32
[debug] [2022-08-22T12:35:17.473Z] Node Version:  v16.15.0
[debug] [2022-08-22T12:35:17.474Z] Time:          Mon Aug 22 2022 18:05:17 GMT+0530 (India Standard Time)
[debug] [2022-08-22T12:35:17.474Z] ----------------------------------------------------------------------
[debug] 
[debug] [2022-08-22T12:35:17.618Z] > command requires scopes: ["email","openid","https://www.googleapis.com/auth/cloudplatformprojects.readonly","https://www.googleapis.com/auth/firebase","https://www.googleapis.com/auth/cloud-platform"]
[debug] [2022-08-22T12:35:17.619Z] > authorizing via signed-in user (pantrahul99@gmail.com)
[debug] [2022-08-22T12:35:17.619Z] [iam] checking project portfolio-071 for permissions ["firebase.projects.get","firebasehosting.sites.update"]
[debug] [2022-08-22T12:35:17.623Z] >>> [apiv2][query] POST https://cloudresourcemanager.googleapis.com/v1/projects/portfolio-071:testIamPermissions [none]
[debug] [2022-08-22T12:35:17.624Z] >>> [apiv2][(partial)header] POST https://cloudresourcemanager.googleapis.com/v1/projects/portfolio-071:testIamPermissions x-goog-quota-user=projects/portfolio-071
[debug] [2022-08-22T12:35:17.624Z] >>> [apiv2][body] POST https://cloudresourcemanager.googleapis.com/v1/projects/portfolio-071:testIamPermissions {"permissions":["firebase.projects.get","firebasehosting.sites.update"]}
[debug] [2022-08-22T12:35:20.919Z] <<< [apiv2][status] POST https://cloudresourcemanager.googleapis.com/v1/projects/portfolio-071:testIamPermissions 200
[debug] [2022-08-22T12:35:20.920Z] <<< [apiv2][body] POST https://cloudresourcemanager.googleapis.com/v1/projects/portfolio-071:testIamPermissions {"permissions":["firebase.projects.get","firebasehosting.sites.update"]}
[debug] [2022-08-22T12:35:20.923Z] >>> [apiv2][query] GET https://firebase.googleapis.com/v1beta1/projects/portfolio-071 [none]
[debug] [2022-08-22T12:35:22.363Z] <<< [apiv2][status] GET https://firebase.googleapis.com/v1beta1/projects/portfolio-071 200
[debug] [2022-08-22T12:35:22.364Z] <<< [apiv2][body] GET https://firebase.googleapis.com/v1beta1/projects/portfolio-071 {"projectId":"portfolio-071","projectNumber":"1012722723039","displayName":"portfolio","name":"projects/portfolio-071","resources":{"hostingSite":"portfolio-071"},"state":"ACTIVE","etag":"1_fb40d694-a2d3-4742-ab43-54fa0eba5969"}
[info] 
[info] === Deploying to 'portfolio-071'...
[info] 
[info] i  deploying hosting 
[debug] [2022-08-22T12:35:22.377Z] >>> [apiv2][query] GET https://firebase.googleapis.com/v1beta1/projects/portfolio-071 [none]
[debug] [2022-08-22T12:35:23.817Z] <<< [apiv2][status] GET https://firebase.googleapis.com/v1beta1/projects/portfolio-071 200
[debug] [2022-08-22T12:35:23.817Z] <<< [apiv2][body] GET https://firebase.googleapis.com/v1beta1/projects/portfolio-071 {"projectId":"portfolio-071","projectNumber":"1012722723039","displayName":"portfolio","name":"projects/portfolio-071","resources":{"hostingSite":"portfolio-071"},"state":"ACTIVE","etag":"1_fb40d694-a2d3-4742-ab43-54fa0eba5969"}
[debug] [2022-08-22T12:35:23.830Z] >>> [apiv2][query] POST https://firebasehosting.googleapis.com/v1beta1/projects/1012722723039/sites/portfolio-071/versions [none]
[debug] [2022-08-22T12:35:23.830Z] >>> [apiv2][body] POST https://firebasehosting.googleapis.com/v1beta1/projects/1012722723039/sites/portfolio-071/versions {"config":{},"labels":{"deployment-tool":"cli-firebase"}}
[debug] [2022-08-22T12:35:26.750Z] <<< [apiv2][status] POST https://firebasehosting.googleapis.com/v1beta1/projects/1012722723039/sites/portfolio-071/versions 200
[debug] [2022-08-22T12:35:26.750Z] <<< [apiv2][body] POST https://firebasehosting.googleapis.com/v1beta1/projects/1012722723039/sites/portfolio-071/versions {"name":"projects/1012722723039/sites/portfolio-071/versions/4dd340f498fbc534","status":"CREATED","config":{},"labels":{"deployment-tool":"cli-firebase"}}
[info] i  hosting[portfolio-071]: beginning deploy... 
[info] i  hosting[portfolio-071]: found 13 files in build 
[debug] [2022-08-22T12:35:26.799Z] [hosting] uploading with 200 concurrency
[debug] [2022-08-22T12:35:26.803Z] [hosting] hash cache [YnVpbGQ] not populated
[debug] [2022-08-22T12:35:28.354Z] [hosting] hash cache [YnVpbGQ] stored for 13 files
[debug] [2022-08-22T12:35:28.355Z] [hosting][hash queue][FINAL] {"max":1532,"min":45,"avg":189.23076923076923,"active":0,"complete":13,"success":13,"errored":0,"retried":0,"total":13,"elapsed":1548}
[debug] [2022-08-22T12:35:28.356Z] >>> [apiv2][query] POST https://firebasehosting.googleapis.com/v1beta1/projects/1012722723039/sites/portfolio-071/versions/4dd340f498fbc534:populateFiles [none]
[debug] [2022-08-22T12:35:28.356Z] >>> [apiv2][body] POST https://firebasehosting.googleapis.com/v1beta1/projects/1012722723039/sites/portfolio-071/versions/4dd340f498fbc534:populateFiles {"files":{"/404.html":"daa499dd96d8229e73235345702ba32f0793f0c8e5c0d30e40e37a5872be57aa","/asset-manifest.json":"ad9eef291b59869e2f798119990808c6ed09fc8e84bcdc90aa637dd2972a3f6b","/index.html":"bee72959b8ab60f6c117eb984964883e7fb702909ba7c2ca18643089791f84d6","/static/css/main.777ced19.css":"0f4bdd21f99444412b2b59f22e2cde20947c326de794d1a373d429f79a256415","/static/js/main.51faa8e3.js.LICENSE.txt":"a1e10079e8155bc5525d13d0464e64acbd892cb93e51621cce5f31f1c4cc8fe3","/static/css/main.777ced19.css.map":"35f7fb337b81b2a25a142724390fb57d16b2d92c18754ab0e37d551bac21901b","/static/media/farewellBg.cfd806c977daaae51024.jpg":"951a66d1e07222aec812e7ec4a397257b297e7540340513221a53f4c57ab3ae3","/static/media/portfolio3.2644538455799eca9dc0.png":"5e5da22e853f2151ba10e76248e34c857258961251e645cca050e32fa560eb09","/static/js/main.51faa8e3.js":"80fc4c28d94643e01d03d6d1af915ae22ce8d0c30290e02765d99d7fb1dbe04c","/static/media/rahul.467e8b64c8d45f925d9f.pdf":"93619b26a2dfe77d57acba2115d9b7cbb01a8e89327e2d0c9b71524afd0a189e","/static/media/graphcms.2480b26d6dab16925bdf.png":"3ff53addd298bbc29aa3640a0de54bed08445aa979a9c42e1c2d2443a8db4fd8","/static/media/portfolio1.70a9eb7a27d58a92b137.png":"8f217d7d2497d7aae326c72e384f70540056bcc34ab6fa08ce4d04705898c9cb","/static/js/main.51faa8e3.js.map":"93ca7293ac65265a95624e5bbbb435ca9e703223b335b29b9a9a9fc2a2bf85dc"}}
[debug] [2022-08-22T12:35:30.746Z] <<< [apiv2][status] POST https://firebasehosting.googleapis.com/v1beta1/projects/1012722723039/sites/portfolio-071/versions/4dd340f498fbc534:populateFiles 200
[debug] [2022-08-22T12:35:30.747Z] <<< [apiv2][body] POST https://firebasehosting.googleapis.com/v1beta1/projects/1012722723039/sites/portfolio-071/versions/4dd340f498fbc534:populateFiles {"uploadRequiredHashes":["8f217d7d2497d7aae326c72e384f70540056bcc34ab6fa08ce4d04705898c9cb","80fc4c28d94643e01d03d6d1af915ae22ce8d0c30290e02765d99d7fb1dbe04c","bee72959b8ab60f6c117eb984964883e7fb702909ba7c2ca18643089791f84d6","daa499dd96d8229e73235345702ba32f0793f0c8e5c0d30e40e37a5872be57aa","93619b26a2dfe77d57acba2115d9b7cbb01a8e89327e2d0c9b71524afd0a189e","35f7fb337b81b2a25a142724390fb57d16b2d92c18754ab0e37d551bac21901b","ad9eef291b59869e2f798119990808c6ed09fc8e84bcdc90aa637dd2972a3f6b","0f4bdd21f99444412b2b59f22e2cde20947c326de794d1a373d429f79a256415","951a66d1e07222aec812e7ec4a397257b297e7540340513221a53f4c57ab3ae3","5e5da22e853f2151ba10e76248e34c857258961251e645cca050e32fa560eb09","3ff53addd298bbc29aa3640a0de54bed08445aa979a9c42e1c2d2443a8db4fd8","a1e10079e8155bc5525d13d0464e64acbd892cb93e51621cce5f31f1c4cc8fe3","93ca7293ac65265a95624e5bbbb435ca9e703223b335b29b9a9a9fc2a2bf85dc"],"uploadUrl":"https://upload-firebasehosting.googleapis.com/upload/sites/portfolio-071/versions/4dd340f498fbc534/files"}
[debug] [2022-08-22T12:35:30.754Z] >>> [apiv2][query] POST https://upload-firebasehosting.googleapis.com/upload/sites/portfolio-071/versions/4dd340f498fbc534/files/8f217d7d2497d7aae326c72e384f70540056bcc34ab6fa08ce4d04705898c9cb [none]
[debug] [2022-08-22T12:35:30.754Z] >>> [apiv2][body] POST https://upload-firebasehosting.googleapis.com/upload/sites/portfolio-071/versions/4dd340f498fbc534/files/8f217d7d2497d7aae326c72e384f70540056bcc34ab6fa08ce4d04705898c9cb [stream]
[debug] [2022-08-22T12:35:30.757Z] >>> [apiv2][query] POST https://upload-firebasehosting.googleapis.com/upload/sites/portfolio-071/versions/4dd340f498fbc534/files/80fc4c28d94643e01d03d6d1af915ae22ce8d0c30290e02765d99d7fb1dbe04c [none]
[debug] [2022-08-22T12:35:30.757Z] >>> [apiv2][body] POST https://upload-firebasehosting.googleapis.com/upload/sites/portfolio-071/versions/4dd340f498fbc534/files/80fc4c28d94643e01d03d6d1af915ae22ce8d0c30290e02765d99d7fb1dbe04c [stream]
[debug] [2022-08-22T12:35:30.762Z] >>> [apiv2][query] POST https://upload-firebasehosting.googleapis.com/upload/sites/portfolio-071/versions/4dd340f498fbc534/files/bee72959b8ab60f6c117eb984964883e7fb702909ba7c2ca18643089791f84d6 [none]
[debug] [2022-08-22T12:35:30.762Z] >>> [apiv2][body] POST https://upload-firebasehosting.googleapis.com/upload/sites/portfolio-071/versions/4dd340f498fbc534/files/bee72959b8ab60f6c117eb984964883e7fb702909ba7c2ca18643089791f84d6 [stream]
[debug] [2022-08-22T12:35:30.765Z] >>> [apiv2][query] POST https://upload-firebasehosting.googleapis.com/upload/sites/portfolio-071/versions/4dd340f498fbc534/files/daa499dd96d8229e73235345702ba32f0793f0c8e5c0d30e40e37a5872be57aa [none]
[debug] [2022-08-22T12:35:30.766Z] >>> [apiv2][body] POST https://upload-firebasehosting.googleapis.com/upload/sites/portfolio-071/versions/4dd340f498fbc534/files/daa499dd96d8229e73235345702ba32f0793f0c8e5c0d30e40e37a5872be57aa [stream]
[debug] [2022-08-22T12:35:30.770Z] >>> [apiv2][query] POST https://upload-firebasehosting.googleapis.com/upload/sites/portfolio-071/versions/4dd340f498fbc534/files/93619b26a2dfe77d57acba2115d9b7cbb01a8e89327e2d0c9b71524afd0a189e [none]
[debug] [2022-08-22T12:35:30.770Z] >>> [apiv2][body] POST https://upload-firebasehosting.googleapis.com/upload/sites/portfolio-071/versions/4dd340f498fbc534/files/93619b26a2dfe77d57acba2115d9b7cbb01a8e89327e2d0c9b71524afd0a189e [stream]
[debug] [2022-08-22T12:35:30.773Z] >>> [apiv2][query] POST https://upload-firebasehosting.googleapis.com/upload/sites/portfolio-071/versions/4dd340f498fbc534/files/35f7fb337b81b2a25a142724390fb57d16b2d92c18754ab0e37d551bac21901b [none]
[debug] [2022-08-22T12:35:30.773Z] >>> [apiv2][body] POST https://upload-firebasehosting.googleapis.com/upload/sites/portfolio-071/versions/4dd340f498fbc534/files/35f7fb337b81b2a25a142724390fb57d16b2d92c18754ab0e37d551bac21901b [stream]
[debug] [2022-08-22T12:35:30.777Z] >>> [apiv2][query] POST https://upload-firebasehosting.googleapis.com/upload/sites/portfolio-071/versions/4dd340f498fbc534/files/ad9eef291b59869e2f798119990808c6ed09fc8e84bcdc90aa637dd2972a3f6b [none]
[debug] [2022-08-22T12:35:30.777Z] >>> [apiv2][body] POST https://upload-firebasehosting.googleapis.com/upload/sites/portfolio-071/versions/4dd340f498fbc534/files/ad9eef291b59869e2f798119990808c6ed09fc8e84bcdc90aa637dd2972a3f6b [stream]
[debug] [2022-08-22T12:35:30.783Z] >>> [apiv2][query] POST https://upload-firebasehosting.googleapis.com/upload/sites/portfolio-071/versions/4dd340f498fbc534/files/0f4bdd21f99444412b2b59f22e2cde20947c326de794d1a373d429f79a256415 [none]
[debug] [2022-08-22T12:35:30.783Z] >>> [apiv2][body] POST https://upload-firebasehosting.googleapis.com/upload/sites/portfolio-071/versions/4dd340f498fbc534/files/0f4bdd21f99444412b2b59f22e2cde20947c326de794d1a373d429f79a256415 [stream]
[debug] [2022-08-22T12:35:30.786Z] >>> [apiv2][query] POST https://upload-firebasehosting.googleapis.com/upload/sites/portfolio-071/versions/4dd340f498fbc534/files/951a66d1e07222aec812e7ec4a397257b297e7540340513221a53f4c57ab3ae3 [none]
[debug] [2022-08-22T12:35:30.787Z] >>> [apiv2][body] POST https://upload-firebasehosting.googleapis.com/upload/sites/portfolio-071/versions/4dd340f498fbc534/files/951a66d1e07222aec812e7ec4a397257b297e7540340513221a53f4c57ab3ae3 [stream]
[debug] [2022-08-22T12:35:30.789Z] >>> [apiv2][query] POST https://upload-firebasehosting.googleapis.com/upload/sites/portfolio-071/versions/4dd340f498fbc534/files/5e5da22e853f2151ba10e76248e34c857258961251e645cca050e32fa560eb09 [none]
[debug] [2022-08-22T12:35:30.790Z] >>> [apiv2][body] POST https://upload-firebasehosting.googleapis.com/upload/sites/portfolio-071/versions/4dd340f498fbc534/files/5e5da22e853f2151ba10e76248e34c857258961251e645cca050e32fa560eb09 [stream]
[debug] [2022-08-22T12:35:30.793Z] >>> [apiv2][query] POST https://upload-firebasehosting.googleapis.com/upload/sites/portfolio-071/versions/4dd340f498fbc534/files/3ff53addd298bbc29aa3640a0de54bed08445aa979a9c42e1c2d2443a8db4fd8 [none]
[debug] [2022-08-22T12:35:30.793Z] >>> [apiv2][body] POST https://upload-firebasehosting.googleapis.com/upload/sites/portfolio-071/versions/4dd340f498fbc534/files/3ff53addd298bbc29aa3640a0de54bed08445aa979a9c42e1c2d2443a8db4fd8 [stream]
[debug] [2022-08-22T12:35:30.797Z] >>> [apiv2][query] POST https://upload-firebasehosting.googleapis.com/upload/sites/portfolio-071/versions/4dd340f498fbc534/files/a1e10079e8155bc5525d13d0464e64acbd892cb93e51621cce5f31f1c4cc8fe3 [none]
[debug] [2022-08-22T12:35:30.797Z] >>> [apiv2][body] POST https://upload-firebasehosting.googleapis.com/upload/sites/portfolio-071/versions/4dd340f498fbc534/files/a1e10079e8155bc5525d13d0464e64acbd892cb93e51621cce5f31f1c4cc8fe3 [stream]
[debug] [2022-08-22T12:35:30.798Z] >>> [apiv2][query] POST https://upload-firebasehosting.googleapis.com/upload/sites/portfolio-071/versions/4dd340f498fbc534/files/93ca7293ac65265a95624e5bbbb435ca9e703223b335b29b9a9a9fc2a2bf85dc [none]
[debug] [2022-08-22T12:35:30.799Z] >>> [apiv2][body] POST https://upload-firebasehosting.googleapis.com/upload/sites/portfolio-071/versions/4dd340f498fbc534/files/93ca7293ac65265a95624e5bbbb435ca9e703223b335b29b9a9a9fc2a2bf85dc [stream]
[debug] [2022-08-22T12:35:30.800Z] [hosting][populate queue][FINAL] {"max":2403,"min":2403,"avg":2403,"active":0,"complete":1,"success":1,"errored":0,"retried":0,"total":1,"elapsed":2450}
[debug] [2022-08-22T12:35:30.801Z] [hosting] uploads queued: 13
[debug] [2022-08-22T12:35:33.706Z] <<< [apiv2][status] POST https://upload-firebasehosting.googleapis.com/upload/sites/portfolio-071/versions/4dd340f498fbc534/files/35f7fb337b81b2a25a142724390fb57d16b2d92c18754ab0e37d551bac21901b 200
[debug] [2022-08-22T12:35:33.707Z] <<< [apiv2][body] POST https://upload-firebasehosting.googleapis.com/upload/sites/portfolio-071/versions/4dd340f498fbc534/files/35f7fb337b81b2a25a142724390fb57d16b2d92c18754ab0e37d551bac21901b [stream]
[debug] [2022-08-22T12:35:34.179Z] <<< [apiv2][status] POST https://upload-firebasehosting.googleapis.com/upload/sites/portfolio-071/versions/4dd340f498fbc534/files/0f4bdd21f99444412b2b59f22e2cde20947c326de794d1a373d429f79a256415 200
[debug] [2022-08-22T12:35:34.180Z] <<< [apiv2][body] POST https://upload-firebasehosting.googleapis.com/upload/sites/portfolio-071/versions/4dd340f498fbc534/files/0f4bdd21f99444412b2b59f22e2cde20947c326de794d1a373d429f79a256415 [stream]
[debug] [2022-08-22T12:35:34.232Z] <<< [apiv2][status] POST https://upload-firebasehosting.googleapis.com/upload/sites/portfolio-071/versions/4dd340f498fbc534/files/bee72959b8ab60f6c117eb984964883e7fb702909ba7c2ca18643089791f84d6 200
[debug] [2022-08-22T12:35:34.232Z] <<< [apiv2][body] POST https://upload-firebasehosting.googleapis.com/upload/sites/portfolio-071/versions/4dd340f498fbc534/files/bee72959b8ab60f6c117eb984964883e7fb702909ba7c2ca18643089791f84d6 [stream]
[debug] [2022-08-22T12:35:34.796Z] <<< [apiv2][status] POST https://upload-firebasehosting.googleapis.com/upload/sites/portfolio-071/versions/4dd340f498fbc534/files/daa499dd96d8229e73235345702ba32f0793f0c8e5c0d30e40e37a5872be57aa 200
[debug] [2022-08-22T12:35:34.796Z] <<< [apiv2][body] POST https://upload-firebasehosting.googleapis.com/upload/sites/portfolio-071/versions/4dd340f498fbc534/files/daa499dd96d8229e73235345702ba32f0793f0c8e5c0d30e40e37a5872be57aa [stream]
[debug] [2022-08-22T12:35:34.939Z] <<< [apiv2][status] POST https://upload-firebasehosting.googleapis.com/upload/sites/portfolio-071/versions/4dd340f498fbc534/files/ad9eef291b59869e2f798119990808c6ed09fc8e84bcdc90aa637dd2972a3f6b 200
[debug] [2022-08-22T12:35:34.939Z] <<< [apiv2][body] POST https://upload-firebasehosting.googleapis.com/upload/sites/portfolio-071/versions/4dd340f498fbc534/files/ad9eef291b59869e2f798119990808c6ed09fc8e84bcdc90aa637dd2972a3f6b [stream]
[debug] [2022-08-22T12:35:35.056Z] <<< [apiv2][status] POST https://upload-firebasehosting.googleapis.com/upload/sites/portfolio-071/versions/4dd340f498fbc534/files/a1e10079e8155bc5525d13d0464e64acbd892cb93e51621cce5f31f1c4cc8fe3 200
[debug] [2022-08-22T12:35:35.056Z] <<< [apiv2][body] POST https://upload-firebasehosting.googleapis.com/upload/sites/portfolio-071/versions/4dd340f498fbc534/files/a1e10079e8155bc5525d13d0464e64acbd892cb93e51621cce5f31f1c4cc8fe3 [stream]
[debug] [2022-08-22T12:35:38.319Z] <<< [apiv2][status] POST https://upload-firebasehosting.googleapis.com/upload/sites/portfolio-071/versions/4dd340f498fbc534/files/80fc4c28d94643e01d03d6d1af915ae22ce8d0c30290e02765d99d7fb1dbe04c 200
[debug] [2022-08-22T12:35:38.319Z] <<< [apiv2][body] POST https://upload-firebasehosting.googleapis.com/upload/sites/portfolio-071/versions/4dd340f498fbc534/files/80fc4c28d94643e01d03d6d1af915ae22ce8d0c30290e02765d99d7fb1dbe04c [stream]
[debug] [2022-08-22T12:35:40.412Z] <<< [apiv2][status] POST https://upload-firebasehosting.googleapis.com/upload/sites/portfolio-071/versions/4dd340f498fbc534/files/5e5da22e853f2151ba10e76248e34c857258961251e645cca050e32fa560eb09 200
[debug] [2022-08-22T12:35:40.413Z] <<< [apiv2][body] POST https://upload-firebasehosting.googleapis.com/upload/sites/portfolio-071/versions/4dd340f498fbc534/files/5e5da22e853f2151ba10e76248e34c857258961251e645cca050e32fa560eb09 [stream]
[debug] [2022-08-22T12:35:40.973Z] <<< [apiv2][status] POST https://upload-firebasehosting.googleapis.com/upload/sites/portfolio-071/versions/4dd340f498fbc534/files/951a66d1e07222aec812e7ec4a397257b297e7540340513221a53f4c57ab3ae3 200
[debug] [2022-08-22T12:35:40.973Z] <<< [apiv2][body] POST https://upload-firebasehosting.googleapis.com/upload/sites/portfolio-071/versions/4dd340f498fbc534/files/951a66d1e07222aec812e7ec4a397257b297e7540340513221a53f4c57ab3ae3 [stream]
[debug] [2022-08-22T12:35:42.907Z] <<< [apiv2][status] POST https://upload-firebasehosting.googleapis.com/upload/sites/portfolio-071/versions/4dd340f498fbc534/files/93619b26a2dfe77d57acba2115d9b7cbb01a8e89327e2d0c9b71524afd0a189e 200
[debug] [2022-08-22T12:35:42.908Z] <<< [apiv2][body] POST https://upload-firebasehosting.googleapis.com/upload/sites/portfolio-071/versions/4dd340f498fbc534/files/93619b26a2dfe77d57acba2115d9b7cbb01a8e89327e2d0c9b71524afd0a189e [stream]
[debug] [2022-08-22T12:36:01.169Z] [uploadQueue] Retrying task 3ff53addd298bbc29aa3640a0de54bed08445aa979a9c42e1c2d2443a8db4fd8
[debug] [2022-08-22T12:36:01.173Z] >>> [apiv2][query] POST https://upload-firebasehosting.googleapis.com/upload/sites/portfolio-071/versions/4dd340f498fbc534/files/3ff53addd298bbc29aa3640a0de54bed08445aa979a9c42e1c2d2443a8db4fd8 [none]
[debug] [2022-08-22T12:36:01.174Z] >>> [apiv2][body] POST https://upload-firebasehosting.googleapis.com/upload/sites/portfolio-071/versions/4dd340f498fbc534/files/3ff53addd298bbc29aa3640a0de54bed08445aa979a9c42e1c2d2443a8db4fd8 [stream]
[debug] [2022-08-22T12:36:05.537Z] [uploadQueue] Retrying task 8f217d7d2497d7aae326c72e384f70540056bcc34ab6fa08ce4d04705898c9cb
[debug] [2022-08-22T12:36:05.539Z] >>> [apiv2][query] POST https://upload-firebasehosting.googleapis.com/upload/sites/portfolio-071/versions/4dd340f498fbc534/files/8f217d7d2497d7aae326c72e384f70540056bcc34ab6fa08ce4d04705898c9cb [none]
[debug] [2022-08-22T12:36:05.539Z] >>> [apiv2][body] POST https://upload-firebasehosting.googleapis.com/upload/sites/portfolio-071/versions/4dd340f498fbc534/files/8f217d7d2497d7aae326c72e384f70540056bcc34ab6fa08ce4d04705898c9cb [stream]
[debug] [2022-08-22T12:36:12.454Z] [uploadQueue] Retrying task 3ff53addd298bbc29aa3640a0de54bed08445aa979a9c42e1c2d2443a8db4fd8
[debug] [2022-08-22T12:36:12.455Z] >>> [apiv2][query] POST https://upload-firebasehosting.googleapis.com/upload/sites/portfolio-071/versions/4dd340f498fbc534/files/3ff53addd298bbc29aa3640a0de54bed08445aa979a9c42e1c2d2443a8db4fd8 [none]
[debug] [2022-08-22T12:36:12.455Z] >>> [apiv2][body] POST https://upload-firebasehosting.googleapis.com/upload/sites/portfolio-071/versions/4dd340f498fbc534/files/3ff53addd298bbc29aa3640a0de54bed08445aa979a9c42e1c2d2443a8db4fd8 [stream]
[debug] [2022-08-22T12:36:16.685Z] [uploadQueue] Retrying task 8f217d7d2497d7aae326c72e384f70540056bcc34ab6fa08ce4d04705898c9cb
[debug] [2022-08-22T12:36:16.686Z] >>> [apiv2][query] POST https://upload-firebasehosting.googleapis.com/upload/sites/portfolio-071/versions/4dd340f498fbc534/files/8f217d7d2497d7aae326c72e384f70540056bcc34ab6fa08ce4d04705898c9cb [none]
[debug] [2022-08-22T12:36:16.686Z] >>> [apiv2][body] POST https://upload-firebasehosting.googleapis.com/upload/sites/portfolio-071/versions/4dd340f498fbc534/files/8f217d7d2497d7aae326c72e384f70540056bcc34ab6fa08ce4d04705898c9cb [stream]
[debug] [2022-08-22T12:36:44.068Z] [uploadQueue] Retrying task 3ff53addd298bbc29aa3640a0de54bed08445aa979a9c42e1c2d2443a8db4fd8
[debug] [2022-08-22T12:36:44.069Z] >>> [apiv2][query] POST https://upload-firebasehosting.googleapis.com/upload/sites/portfolio-071/versions/4dd340f498fbc534/files/3ff53addd298bbc29aa3640a0de54bed08445aa979a9c42e1c2d2443a8db4fd8 [none]
[debug] [2022-08-22T12:36:44.070Z] >>> [apiv2][body] POST https://upload-firebasehosting.googleapis.com/upload/sites/portfolio-071/versions/4dd340f498fbc534/files/3ff53addd298bbc29aa3640a0de54bed08445aa979a9c42e1c2d2443a8db4fd8 [stream]
[debug] [2022-08-22T12:36:52.680Z] [uploadQueue] Retrying task 8f217d7d2497d7aae326c72e384f70540056bcc34ab6fa08ce4d04705898c9cb
[debug] [2022-08-22T12:36:52.681Z] >>> [apiv2][query] POST https://upload-firebasehosting.googleapis.com/upload/sites/portfolio-071/versions/4dd340f498fbc534/files/8f217d7d2497d7aae326c72e384f70540056bcc34ab6fa08ce4d04705898c9cb [none]
[debug] [2022-08-22T12:36:52.681Z] >>> [apiv2][body] POST https://upload-firebasehosting.googleapis.com/upload/sites/portfolio-071/versions/4dd340f498fbc534/files/8f217d7d2497d7aae326c72e384f70540056bcc34ab6fa08ce4d04705898c9cb [stream]
[debug] [2022-08-22T12:36:57.513Z] [uploadQueue] Retrying task 3ff53addd298bbc29aa3640a0de54bed08445aa979a9c42e1c2d2443a8db4fd8
[debug] [2022-08-22T12:36:57.515Z] >>> [apiv2][query] POST https://upload-firebasehosting.googleapis.com/upload/sites/portfolio-071/versions/4dd340f498fbc534/files/3ff53addd298bbc29aa3640a0de54bed08445aa979a9c42e1c2d2443a8db4fd8 [none]
[debug] [2022-08-22T12:36:57.516Z] >>> [apiv2][body] POST https://upload-firebasehosting.googleapis.com/upload/sites/portfolio-071/versions/4dd340f498fbc534/files/3ff53addd298bbc29aa3640a0de54bed08445aa979a9c42e1c2d2443a8db4fd8 [stream]
[debug] [2022-08-22T12:37:18.044Z] <<< [apiv2][status] POST https://upload-firebasehosting.googleapis.com/upload/sites/portfolio-071/versions/4dd340f498fbc534/files/3ff53addd298bbc29aa3640a0de54bed08445aa979a9c42e1c2d2443a8db4fd8 200
[debug] [2022-08-22T12:37:18.045Z] <<< [apiv2][body] POST https://upload-firebasehosting.googleapis.com/upload/sites/portfolio-071/versions/4dd340f498fbc534/files/3ff53addd298bbc29aa3640a0de54bed08445aa979a9c42e1c2d2443a8db4fd8 [stream]
[debug] [2022-08-22T12:37:30.272Z] [uploadQueue] Retrying task 8f217d7d2497d7aae326c72e384f70540056bcc34ab6fa08ce4d04705898c9cb
[debug] [2022-08-22T12:37:30.273Z] >>> [apiv2][query] POST https://upload-firebasehosting.googleapis.com/upload/sites/portfolio-071/versions/4dd340f498fbc534/files/8f217d7d2497d7aae326c72e384f70540056bcc34ab6fa08ce4d04705898c9cb [none]
[debug] [2022-08-22T12:37:30.274Z] >>> [apiv2][body] POST https://upload-firebasehosting.googleapis.com/upload/sites/portfolio-071/versions/4dd340f498fbc534/files/8f217d7d2497d7aae326c72e384f70540056bcc34ab6fa08ce4d04705898c9cb [stream]
[debug] [2022-08-22T12:37:31.527Z] <<< [apiv2][status] POST https://upload-firebasehosting.googleapis.com/upload/sites/portfolio-071/versions/4dd340f498fbc534/files/93ca7293ac65265a95624e5bbbb435ca9e703223b335b29b9a9a9fc2a2bf85dc 200
[debug] [2022-08-22T12:37:31.528Z] <<< [apiv2][body] POST https://upload-firebasehosting.googleapis.com/upload/sites/portfolio-071/versions/4dd340f498fbc534/files/93ca7293ac65265a95624e5bbbb435ca9e703223b335b29b9a9a9fc2a2bf85dc [stream]
[debug] [2022-08-22T12:38:11.069Z] [uploadQueue] Retrying task 8f217d7d2497d7aae326c72e384f70540056bcc34ab6fa08ce4d04705898c9cb
[debug] [2022-08-22T12:38:11.072Z] >>> [apiv2][query] POST https://upload-firebasehosting.googleapis.com/upload/sites/portfolio-071/versions/4dd340f498fbc534/files/8f217d7d2497d7aae326c72e384f70540056bcc34ab6fa08ce4d04705898c9cb [none]
[debug] [2022-08-22T12:38:11.072Z] >>> [apiv2][body] POST https://upload-firebasehosting.googleapis.com/upload/sites/portfolio-071/versions/4dd340f498fbc534/files/8f217d7d2497d7aae326c72e384f70540056bcc34ab6fa08ce4d04705898c9cb [stream]
[debug] Task 8f217d7d2497d7aae326c72e384f70540056bcc34ab6fa08ce4d04705898c9cb failed: retries exhausted after 6 attempts, with error: Timeout reached making request to https://upload-firebasehosting.googleapis.com/upload/sites/portfolio-071/versions/4dd340f498fbc534/files/8f217d7d2497d7aae326c72e384f70540056bcc34ab6fa08ce4d04705898c9cb
[debug] [2022-08-22T12:38:45.467Z] [hosting][upload queue][FINAL] {"max":120775,"min":2956,"avg":16943.583333333332,"active":0,"complete":13,"success":12,"errored":1,"retried":9,"total":13,"elapsed":194719}
[debug] [2022-08-22T12:38:50.499Z] Error: Timed out.
    at Timeout._onTimeout (C:\Users\rahul\AppData\Roaming\npm\node_modules\firebase-tools\lib\utils.js:253:49)
    at listOnTimeout (node:internal/timers:559:17)
    at processTimers (node:internal/timers:502:7)
[error] 
[error] Error: An unexpected error has occurred.
